This is pdfTeX, Version 3.14159265-2.6-1.40.18 (TeX Live 2017) (preloaded format=pdflatex 2017.5.23)  9 MAY 2018 18:40
entering extended mode
 restricted \write18 enabled.
 file:line:error style messages enabled.
 %&-line parsing enabled.
**emnlp2018.tex
(./emnlp2018.tex
LaTeX2e <2017-04-15>
Babel <3.10> and hyphenation patterns for 84 language(s) loaded.
(/usr/local/texlive/2017/texmf-dist/tex/latex/base/article.cls
Document Class: article 2014/09/29 v1.4h Standard LaTeX document class
(/usr/local/texlive/2017/texmf-dist/tex/latex/base/size11.clo
File: size11.clo 2014/09/29 v1.4h Standard LaTeX file (size option)
)
\c@part=\count79
\c@section=\count80
\c@subsection=\count81
\c@subsubsection=\count82
\c@paragraph=\count83
\c@subparagraph=\count84
\c@figure=\count85
\c@table=\count86
\abovecaptionskip=\skip41
\belowcaptionskip=\skip42
\bibindent=\dimen102
)
(./emnlp2018.sty
(/usr/local/texlive/2017/texmf-dist/tex/latex/hyperref/hyperref.sty
Package: hyperref 2017/03/14 v6.85a Hypertext links for LaTeX

(/usr/local/texlive/2017/texmf-dist/tex/generic/oberdiek/hobsub-hyperref.sty
Package: hobsub-hyperref 2016/05/16 v1.14 Bundle oberdiek, subset hyperref (HO)


(/usr/local/texlive/2017/texmf-dist/tex/generic/oberdiek/hobsub-generic.sty
Package: hobsub-generic 2016/05/16 v1.14 Bundle oberdiek, subset generic (HO)
Package: hobsub 2016/05/16 v1.14 Construct package bundles (HO)
Package: infwarerr 2016/05/16 v1.4 Providing info/warning/error messages (HO)
Package: ltxcmds 2016/05/16 v1.23 LaTeX kernel commands for general use (HO)
Package: ifluatex 2016/05/16 v1.4 Provides the ifluatex switch (HO)
Package ifluatex Info: LuaTeX not detected.
Package: ifvtex 2016/05/16 v1.6 Detect VTeX and its facilities (HO)
Package ifvtex Info: VTeX not detected.
Package: intcalc 2016/05/16 v1.2 Expandable calculations with integers (HO)
Package: ifpdf 2017/03/15 v3.2 Provides the ifpdf switch
Package: etexcmds 2016/05/16 v1.6 Avoid name clashes with e-TeX commands (HO)
Package etexcmds Info: Could not find \expanded.
(etexcmds)             That can mean that you are not using pdfTeX 1.50 or
(etexcmds)             that some package has redefined \expanded.
(etexcmds)             In the latter case, load this package earlier.
Package: kvsetkeys 2016/05/16 v1.17 Key value parser (HO)
Package: kvdefinekeys 2016/05/16 v1.4 Define keys (HO)
Package: pdftexcmds 2017/03/19 v0.25 Utility functions of pdfTeX for LuaTeX (HO
)
Package pdftexcmds Info: LuaTeX not detected.
Package pdftexcmds Info: \pdf@primitive is available.
Package pdftexcmds Info: \pdf@ifprimitive is available.
Package pdftexcmds Info: \pdfdraftmode found.
Package: pdfescape 2016/05/16 v1.14 Implements pdfTeX's escape features (HO)
Package: bigintcalc 2016/05/16 v1.4 Expandable calculations on big integers (HO
)
Package: bitset 2016/05/16 v1.2 Handle bit-vector datatype (HO)
Package: uniquecounter 2016/05/16 v1.3 Provide unlimited unique counter (HO)
)
Package hobsub Info: Skipping package `hobsub' (already loaded).
Package: letltxmacro 2016/05/16 v1.5 Let assignment for LaTeX macros (HO)
Package: hopatch 2016/05/16 v1.3 Wrapper for package hooks (HO)
Package: xcolor-patch 2016/05/16 xcolor patch
Package: atveryend 2016/05/16 v1.9 Hooks at the very end of document (HO)
Package atveryend Info: \enddocument detected (standard20110627).
Package: atbegshi 2016/06/09 v1.18 At begin shipout hook (HO)
Package: refcount 2016/05/16 v3.5 Data extraction from label references (HO)
Package: hycolor 2016/05/16 v1.8 Color options for hyperref/bookmark (HO)
)
(/usr/local/texlive/2017/texmf-dist/tex/latex/graphics/keyval.sty
Package: keyval 2014/10/28 v1.15 key=value parser (DPC)
\KV@toks@=\toks14
)
(/usr/local/texlive/2017/texmf-dist/tex/generic/ifxetex/ifxetex.sty
Package: ifxetex 2010/09/12 v0.6 Provides ifxetex conditional
)
(/usr/local/texlive/2017/texmf-dist/tex/latex/oberdiek/auxhook.sty
Package: auxhook 2016/05/16 v1.4 Hooks for auxiliary files (HO)
)
(/usr/local/texlive/2017/texmf-dist/tex/latex/oberdiek/kvoptions.sty
Package: kvoptions 2016/05/16 v3.12 Key value format for package options (HO)
)
\@linkdim=\dimen103
\Hy@linkcounter=\count87
\Hy@pagecounter=\count88

(/usr/local/texlive/2017/texmf-dist/tex/latex/hyperref/pd1enc.def
File: pd1enc.def 2017/03/14 v6.85a Hyperref: PDFDocEncoding definition (HO)
)
\Hy@SavedSpaceFactor=\count89

(/usr/local/texlive/2017/texmf-dist/tex/latex/latexconfig/hyperref.cfg
File: hyperref.cfg 2002/06/06 v1.2 hyperref configuration of TeXLive
)
Package hyperref Info: Hyper figures OFF on input line 4498.
Package hyperref Info: Link nesting OFF on input line 4503.
Package hyperref Info: Hyper index ON on input line 4506.
Package hyperref Info: Plain pages OFF on input line 4513.
Package hyperref Info: Backreferencing OFF on input line 4518.
Package hyperref Info: Implicit mode ON; LaTeX internals redefined.
Package hyperref Info: Bookmarks ON on input line 4751.
\c@Hy@tempcnt=\count90

(/usr/local/texlive/2017/texmf-dist/tex/latex/url/url.sty
\Urlmuskip=\muskip10
Package: url 2013/09/16  ver 3.4  Verb mode for urls, etc.
)
LaTeX Info: Redefining \url on input line 5104.
\XeTeXLinkMargin=\dimen104
\Fld@menulength=\count91
\Field@Width=\dimen105
\Fld@charsize=\dimen106
Package hyperref Info: Hyper figures OFF on input line 6358.
Package hyperref Info: Link nesting OFF on input line 6363.
Package hyperref Info: Hyper index ON on input line 6366.
Package hyperref Info: backreferencing OFF on input line 6373.
Package hyperref Info: Link coloring OFF on input line 6378.
Package hyperref Info: Link coloring with OCG OFF on input line 6383.
Package hyperref Info: PDF/A mode OFF on input line 6388.
LaTeX Info: Redefining \ref on input line 6428.
LaTeX Info: Redefining \pageref on input line 6432.
\Hy@abspage=\count92
\c@Item=\count93
\c@Hfootnote=\count94
)

Package hyperref Message: Driver (autodetected): hpdftex.

(/usr/local/texlive/2017/texmf-dist/tex/latex/hyperref/hpdftex.def
File: hpdftex.def 2017/03/14 v6.85a Hyperref driver for pdfTeX
\Fld@listcount=\count95
\c@bookmark@seq@number=\count96

(/usr/local/texlive/2017/texmf-dist/tex/latex/oberdiek/rerunfilecheck.sty
Package: rerunfilecheck 2016/05/16 v1.8 Rerun checks for auxiliary files (HO)
Package uniquecounter Info: New unique counter `rerunfilecheck' on input line 2
82.
)
\Hy@SectionHShift=\skip43
)
(/usr/local/texlive/2017/texmf-dist/tex/latex/xcolor/xcolor.sty
Package: xcolor 2016/05/11 v2.12 LaTeX color extensions (UK)

(/usr/local/texlive/2017/texmf-dist/tex/latex/graphics-cfg/color.cfg
File: color.cfg 2016/01/02 v1.6 sample color configuration
)
Package xcolor Info: Driver file: pdftex.def on input line 225.

(/usr/local/texlive/2017/texmf-dist/tex/latex/graphics-def/pdftex.def
File: pdftex.def 2017/01/12 v0.06k Graphics/color for pdfTeX
\Gread@gobject=\count97
)
Package xcolor Info: Model `cmy' substituted by `cmy0' on input line 1348.
Package xcolor Info: Model `hsb' substituted by `rgb' on input line 1352.
Package xcolor Info: Model `RGB' extended on input line 1364.
Package xcolor Info: Model `HTML' substituted by `rgb' on input line 1366.
Package xcolor Info: Model `Hsb' substituted by `hsb' on input line 1367.
Package xcolor Info: Model `tHsb' substituted by `hsb' on input line 1368.
Package xcolor Info: Model `HSB' substituted by `hsb' on input line 1369.
Package xcolor Info: Model `Gray' substituted by `gray' on input line 1370.
Package xcolor Info: Model `wave' substituted by `hsb' on input line 1371.
)
Package hyperref Info: Option `colorlinks' set `true' on input line 107.

Conference Style for EMNLP 2018
\titlebox=\skip44
\aclrulerbox=\box26
\aclrulercount=\count98
\aclruleroffset=\dimen107
\cv@lineheight=\dimen108
\cv@boxheight=\dimen109
\cv@tmpbox=\box27
\cv@refno=\count99
\cv@tot=\count100
\cv@tmpc@=\count101
\cv@tmpc=\count102
(/usr/local/texlive/2017/texmf-dist/tex/latex/natbib/natbib.sty
Package: natbib 2010/09/13 8.31b (PWD, AO)
\bibhang=\skip45
\bibsep=\skip46
LaTeX Info: Redefining \cite on input line 694.
\c@NAT@ctr=\count103
))
(/usr/local/texlive/2017/texmf-dist/tex/latex/psnfss/times.sty
Package: times 2005/04/12 PSNFSS-v9.2a (SPQR) 
)
(/usr/local/texlive/2017/texmf-dist/tex/latex/base/latexsym.sty
Package: latexsym 1998/08/17 v2.2e Standard LaTeX package (lasy symbols)
\symlasy=\mathgroup4
LaTeX Font Info:    Overwriting symbol font `lasy' in version `bold'
(Font)                  U/lasy/m/n --> U/lasy/b/n on input line 52.
)
(/usr/local/texlive/2017/texmf-dist/tex/latex/graphics/graphicx.sty
Package: graphicx 2014/10/28 v1.0g Enhanced LaTeX Graphics (DPC,SPQR)

(/usr/local/texlive/2017/texmf-dist/tex/latex/graphics/graphics.sty
Package: graphics 2017/04/14 v1.1b Standard LaTeX Graphics (DPC,SPQR)

(/usr/local/texlive/2017/texmf-dist/tex/latex/graphics/trig.sty
Package: trig 2016/01/03 v1.10 sin cos tan (DPC)
)
(/usr/local/texlive/2017/texmf-dist/tex/latex/graphics-cfg/graphics.cfg
File: graphics.cfg 2016/06/04 v1.11 sample graphics configuration
)
Package graphics Info: Driver file: pdftex.def on input line 99.
)
\Gin@req@height=\dimen110
\Gin@req@width=\dimen111
)
(./emnlp2018.aux)
\openout1 = `emnlp2018.aux'.

LaTeX Font Info:    Checking defaults for OML/cmm/m/it on input line 50.
LaTeX Font Info:    ... okay on input line 50.
LaTeX Font Info:    Checking defaults for T1/cmr/m/n on input line 50.
LaTeX Font Info:    ... okay on input line 50.
LaTeX Font Info:    Checking defaults for OT1/cmr/m/n on input line 50.
LaTeX Font Info:    ... okay on input line 50.
LaTeX Font Info:    Checking defaults for OMS/cmsy/m/n on input line 50.
LaTeX Font Info:    ... okay on input line 50.
LaTeX Font Info:    Checking defaults for OMX/cmex/m/n on input line 50.
LaTeX Font Info:    ... okay on input line 50.
LaTeX Font Info:    Checking defaults for U/cmr/m/n on input line 50.
LaTeX Font Info:    ... okay on input line 50.
LaTeX Font Info:    Checking defaults for PD1/pdf/m/n on input line 50.
LaTeX Font Info:    ... okay on input line 50.
LaTeX Font Info:    Try loading font information for OT1+ptm on input line 50.

(/usr/local/texlive/2017/texmf-dist/tex/latex/psnfss/ot1ptm.fd
File: ot1ptm.fd 2001/06/04 font definitions for OT1/ptm.
)
\AtBeginShipoutBox=\box28
Package hyperref Info: Link coloring ON on input line 50.

(/usr/local/texlive/2017/texmf-dist/tex/latex/hyperref/nameref.sty
Package: nameref 2016/05/21 v2.44 Cross-referencing by name of section

(/usr/local/texlive/2017/texmf-dist/tex/generic/oberdiek/gettitlestring.sty
Package: gettitlestring 2016/05/16 v1.5 Cleanup title references (HO)
)
\c@section@level=\count104
)
LaTeX Info: Redefining \ref on input line 50.
LaTeX Info: Redefining \pageref on input line 50.
LaTeX Info: Redefining \nameref on input line 50.

(./emnlp2018.out) (./emnlp2018.out)
\@outlinefile=\write3
\openout3 = `emnlp2018.out'.


(/usr/local/texlive/2017/texmf-dist/tex/context/base/mkii/supp-pdf.mkii
[Loading MPS to PDF converter (version 2006.09.02).]
\scratchcounter=\count105
\scratchdimen=\dimen112
\scratchbox=\box29
\nofMPsegments=\count106
\nofMParguments=\count107
\everyMPshowfont=\toks15
\MPscratchCnt=\count108
\MPscratchDim=\dimen113
\MPnumerator=\count109
\makeMPintoPDFobject=\count110
\everyMPtoPDFconversion=\toks16
) (/usr/local/texlive/2017/texmf-dist/tex/latex/oberdiek/epstopdf-base.sty
Package: epstopdf-base 2016/05/15 v2.6 Base part for package epstopdf

(/usr/local/texlive/2017/texmf-dist/tex/latex/oberdiek/grfext.sty
Package: grfext 2016/05/16 v1.2 Manage graphics extensions (HO)
)
Package epstopdf-base Info: Redefining graphics rule for `.eps' on input line 4
38.
Package grfext Info: Graphics extension search list:
(grfext)             [.png,.pdf,.jpg,.mps,.jpeg,.jbig2,.jb2,.PNG,.PDF,.JPG,.JPE
G,.JBIG2,.JB2,.eps]
(grfext)             \AppendGraphicsExtensions on input line 456.

(/usr/local/texlive/2017/texmf-dist/tex/latex/latexconfig/epstopdf-sys.cfg
File: epstopdf-sys.cfg 2010/07/13 v1.3 Configuration of (r)epstopdf for TeX Liv
e
))
ABD: EveryShipout initializing macros
LaTeX Font Info:    Font shape `OT1/ptm/bx/n' in size <14.4> not available
(Font)              Font shape `OT1/ptm/b/n' tried instead on input line 51.
LaTeX Font Info:    External font `cmex10' loaded for size
(Font)              <12> on input line 51.
LaTeX Font Info:    External font `cmex10' loaded for size
(Font)              <8> on input line 51.
LaTeX Font Info:    External font `cmex10' loaded for size
(Font)              <6> on input line 51.
LaTeX Font Info:    Try loading font information for U+lasy on input line 51.

(/usr/local/texlive/2017/texmf-dist/tex/latex/base/ulasy.fd
File: ulasy.fd 1998/08/17 v2.2e LaTeX symbol font definitions
)
LaTeX Font Info:    Font shape `OT1/ptm/bx/n' in size <12> not available
(Font)              Font shape `OT1/ptm/b/n' tried instead on input line 51.
LaTeX Font Info:    Font shape `OT1/ptm/bx/n' in size <10.95> not available
(Font)              Font shape `OT1/ptm/b/n' tried instead on input line 58.


Package natbib Warning: Citation `Bernstein' on page 1 undefined on input line 
58.


Package natbib Warning: Citation `Chomsky' on page 1 undefined on input line 58
.


Underfull \hbox (badness 1043) in paragraph at lines 58--60
\OT1/ptm/m/n/10.95 Bern-stein called on re-searchers at his fa-mous
 []


Underfull \hbox (badness 1838) in paragraph at lines 58--60
\OT1/ptm/m/n/10.95 goal of il-lus-trat-ing hu-man's un-der-stand-ing of
 []


Underfull \hbox (badness 1205) in paragraph at lines 58--60
\OT1/ptm/m/n/10.95 mu-sic. This the-ory has been in-flu-en-tial and
 []


Underfull \hbox (badness 1436) in paragraph at lines 58--60
\OT1/ptm/m/n/10.95 in-spired fur-ther work by other re-searchers in
 []


Underfull \hbox (badness 1881) in paragraph at lines 58--60
\OT1/ptm/m/n/10.95 other re-searchers to de-velop dif-fer-ent mod-els
 []


Underfull \hbox (badness 10000) in paragraph at lines 58--60

 []


Underfull \hbox (badness 1371) in paragraph at lines 61--62
[]\OT1/ptm/m/n/10.95 In this pa-per, we used NLP tech-niques to
 []


Underfull \hbox (badness 1259) in paragraph at lines 61--62
\OT1/ptm/m/n/10.95 mu-si-col-ogy and cog-ni-tive ap-proaches are still
 []


Underfull \hbox (badness 10000) in paragraph at lines 61--62

 []


Underfull \hbox (badness 10000) in paragraph at lines 63--64

 []

LaTeX Font Info:    External font `cmex10' loaded for size
(Font)              <10.95> on input line 66.
[1{/usr/local/texlive/2017/texmf-var/fonts/map/pdftex/updmap/pdftex.map}



]

Package natbib Warning: Citation `Buzz' on page 2 undefined on input line 71.


Package natbib Warning: Citation `n-gram' on page 2 undefined on input line 72.



Package natbib Warning: Citation `Hillewaere' on page 2 undefined on input line
 72.


Package natbib Warning: Citation `Mearns' on page 2 undefined on input line 73.



Package natbib Warning: Citation `Dor' on page 2 undefined on input line 73.


Package natbib Warning: Citation `Herremans' on page 2 undefined on input line 
74.

LaTeX Font Info:    Try loading font information for OT1+pcr on input line 79.
(/usr/local/texlive/2017/texmf-dist/tex/latex/psnfss/ot1pcr.fd
File: ot1pcr.fd 2001/06/04 font definitions for OT1/pcr.
)
Underfull \hbox (badness 1755) in paragraph at lines 79--82
\OT1/ptm/m/n/10.95 to set var-i-ous pa-ram-e-ters such as num-ber if
 []


Underfull \hbox (badness 10000) in paragraph at lines 79--82

 []


Underfull \vbox (badness 10000) has occurred while \output is active []

 [2]

Package natbib Warning: Citation `Herremans' on page 3 undefined on input line 
87.


Package natbib Warning: Citation `Herremans' on page 3 undefined on input line 
114.

<images/Gaccuracy.png, id=21, 327.2225pt x 209.78375pt>
File: images/Gaccuracy.png Graphic file (type png)

<use images/Gaccuracy.png>
Package pdftex.def Info: images/Gaccuracy.png used on input line 156.
(pdftex.def)             Requested size: 227.62204pt x 145.92891pt.

Overfull \hbox (8.53592pt too wide) in paragraph at lines 156--157
 [][] 
 []

<images/vaccuracy.png, id=23, 326.21875pt x 206.7725pt>
File: images/vaccuracy.png Graphic file (type png)

<use images/vaccuracy.png>
Package pdftex.def Info: images/vaccuracy.png used on input line 162.
(pdftex.def)             Requested size: 227.62204pt x 144.28227pt.

Overfull \hbox (8.53592pt too wide) in paragraph at lines 162--163
 [][] 
 []


LaTeX Warning: `h' float specifier changed to `ht'.


Underfull \vbox (badness 2653) has occurred while \output is active []

 [3 <./images/Gaccuracy.png>]
Underfull \hbox (badness 10000) in paragraph at lines 190--196
[][]\OT1/pcr/m/n/10.95 \special{papersize=210mm,297mm}
 []


Underfull \hbox (badness 7685) in paragraph at lines 190--196
[]\OT1/ptm/m/n/10.95 in the la-tex pream-ble (di-rectly be-low the
 []


Underfull \hbox (badness 10000) in paragraph at lines 190--196
[][]\OT1/pcr/m/n/10.95 \usepackage []\OT1/ptm/m/n/10.95 com-mands). Then us-ing

 []

LaTeX Font Info:    Try loading font information for OMS+ptm on input line 210.

(/usr/local/texlive/2017/texmf-dist/tex/latex/psnfss/omsptm.fd
File: omsptm.fd 
)
LaTeX Font Info:    Font shape `OMS/ptm/m/n' in size <10.95> not available
(Font)              Font shape `OMS/cmsy/m/n' tried instead on input line 210.
 [4 <./images/vaccuracy.png>]
LaTeX Font Info:    External font `cmex10' loaded for size
(Font)              <9> on input line 309.
LaTeX Font Info:    External font `cmex10' loaded for size
(Font)              <5> on input line 309.
LaTeX Font Info:    Font shape `OT1/ptm/bx/n' in size <9> not available
(Font)              Font shape `OT1/ptm/b/n' tried instead on input line 312.


Package natbib Warning: Citation `Gusfield:97' on page 5 undefined on input lin
e 350.


Package natbib Warning: Citation `Gusfield:97' on page 5 undefined on input lin
e 351.


Package natbib Warning: Citation `Gusfield:97' on page 5 undefined on input lin
e 352.


Package natbib Warning: Citation `Gusfield:97' on page 5 undefined on input lin
e 363.


Package natbib Warning: Citation `Gusfield:97' on page 5 undefined on input lin
e 364.


Package natbib Warning: Citation `Gusfield:97' on page 5 undefined on input lin
e 366.


Package natbib Warning: Citation `Aho:72' on page 5 undefined on input line 366
.


Package natbib Warning: Citation `Aho:72' on page 5 undefined on input line 368
.


Package natbib Warning: Citation `Chandra:81' on page 5 undefined on input line
 368.


Package natbib Warning: Citation `Gusfield:97' on page 5 undefined on input lin
e 370.


Package natbib Warning: Citation `Aho:72' on page 5 undefined on input line 370
.


Package natbib Warning: Citation `Gusfield:97' on page 5 undefined on input lin
e 375.


Package natbib Warning: Citation `Gusfield:97' on page 5 undefined on input lin
e 379.

[5]

Package natbib Warning: Citation `P16-1001' on page 6 undefined on input line 4
07.


Package natbib Warning: Citation `C14-1001' on page 6 undefined on input line 4
08.


Underfull \hbox (badness 1048) in paragraph at lines 412--416
[]\OT1/ptm/b/n/10.95 Anonymity: \OT1/ptm/m/n/10.95 As re-view-ing will be doubl
e-
 []


Package natbib Warning: Citation `Gusfield:97' on page 6 undefined on input lin
e 417.


Package natbib Warning: Citation `Gusfield:97' on page 6 undefined on input lin
e 421.


Package natbib Warning: Citation `Gusfield:97' on page 6 undefined on input lin
e 421.


Package natbib Warning: Citation `APA:83' on page 6 undefined on input line 453
.


Package natbib Warning: Citation `ACM:83' on page 6 undefined on input line 456
.


Underfull \hbox (badness 1152) in paragraph at lines 458--461
[]\OT1/ptm/m/n/10.95 The L[]T[]X and BibT[]X style files pro-vided
 []


Package natbib Warning: Citation `rasooli-tetrault-2015' on page 6 undefined on
 input line 463.


Package natbib Warning: Citation `Ando2005' on page 6 undefined on input line 4
64.


Package natbib Warning: Citation `borsch2011' on page 6 undefined on input line
 465.


Package natbib Warning: Citation `andrew2007scalable' on page 6 undefined on in
put line 466.

[6]
Underfull \hbox (badness 1142) in paragraph at lines 496--501
\OT1/ptm/b/n/10.95 Illustrations\OT1/ptm/m/n/10.95 : Place fig-ures, ta-bles, a
nd pho-
 []


Underfull \hbox (badness 2285) in paragraph at lines 568--574
[]\OT1/ptm/m/n/10.95 However, note that sup-ple-men-tary ma-te-rial
 []


Underfull \hbox (badness 1859) in paragraph at lines 581--584
\OT1/ptm/m/n/10.95 The ac-knowl-edg-ments should go im-me-di-ately
 []


Underfull \hbox (badness 1215) in paragraph at lines 581--584
\OT1/ptm/m/n/10.95 knowl-edg-ments sec-tion. Do not in-clude this
 []


Underfull \hbox (badness 10000) in paragraph at lines 581--584

 []


Underfull \hbox (badness 10000) in paragraph at lines 585--586

 []

[7]
Underfull \hbox (badness 10000) in paragraph at lines 587--590
[]\OT1/ptm/m/n/10.95 Include your own bib file like this:
 []


Underfull \hbox (badness 10000) in paragraph at lines 587--590
[][]\OT1/pcr/m/n/9 \bibliographystyle{acl_natbib_nourl}
 []

No file emnlp2018.bbl.

Underfull \hbox (badness 10000) in paragraph at lines 591--594
[]\OT1/ptm/m/n/10.95 Where [][]\OT1/pcr/m/n/10.95 emnlp2018 []\OT1/ptm/m/n/10.9
5 cor-re-sponds to the
 []


Package natbib Warning: There were undefined citations.

Package atveryend Info: Empty hook `BeforeClearDocument' on input line 640.
[8]
Package atveryend Info: Empty hook `AfterLastShipout' on input line 640.
 (./emnlp2018.aux)
Package atveryend Info: Executing hook `AtVeryEndDocument' on input line 640.
Package atveryend Info: Executing hook `AtEndAfterFileList' on input line 640.
Package rerunfilecheck Info: File `emnlp2018.out' has not changed.
(rerunfilecheck)             Checksum: D41D8CD98F00B204E9800998ECF8427E;0.
Package atveryend Info: Empty hook `AtVeryVeryEnd' on input line 640.
 )
(\end occurred when \iffalse on line 347 was incomplete) 
Here is how much of TeX's memory you used:
 6160 strings out of 492995
 89126 string characters out of 6132704
 191168 words of memory out of 5000000
 9606 multiletter control sequences out of 15000+600000
 30975 words of font info for 66 fonts, out of 8000000 for 9000
 1141 hyphenation exceptions out of 8191
 35i,18n,37p,1284b,343s stack positions out of 5000i,500n,10000p,200000b,80000s
{/usr/local/texlive/201
7/texmf-dist/fonts/enc/dvips/base/8r.enc}</usr/local/texlive/2017/texmf-dist/fo
nts/type1/public/amsfonts/cm/cmr10.pfb></usr/local/texlive/2017/texmf-dist/font
s/type1/public/amsfonts/cm/cmsy10.pfb></usr/local/texlive/2017/texmf-dist/fonts
/type1/urw/courier/ucrr8a.pfb></usr/local/texlive/2017/texmf-dist/fonts/type1/u
rw/helvetic/uhvb8a.pfb></usr/local/texlive/2017/texmf-dist/fonts/type1/urw/time
s/utmb8a.pfb></usr/local/texlive/2017/texmf-dist/fonts/type1/urw/times/utmr8a.p
fb></usr/local/texlive/2017/texmf-dist/fonts/type1/urw/times/utmri8a.pfb>
Output written on emnlp2018.pdf (8 pages, 140532 bytes).
PDF statistics:
 122 PDF objects out of 1000 (max. 8388607)
 100 compressed objects within 1 object stream
 39 named destinations out of 1000 (max. 500000)
 11 words of extra memory for PDF output out of 10000 (max. 10000000)

